2025-04-09 15:40:24 - Starting catalog reference update process
2025-04-09 15:40:24 - API Endpoint: https://pe420.nirmata.co
2025-04-09 15:40:24 - Source Cluster: 123-app-migration
2025-04-09 15:40:24 - Target Cluster: 129-app-migration
2025-04-09 15:40:28 - No matching target environment found for 
2025-04-09 15:40:28 - No matching target environment found for 
2025-04-09 15:40:28 - No matching target environment found for 
2025-04-09 15:40:28 - No matching target environment found for 
2025-04-09 15:40:28 - No matching target environment found for 
2025-04-09 15:40:28 - No matching target environment found for 
2025-04-09 15:40:28 - No matching target environment found for 
2025-04-09 15:40:28 - No matching target environment found for 
2025-04-09 15:40:28 - No matching target environment found for 
2025-04-09 15:40:28 - No matching target environment found for 
2025-04-09 15:40:29 - No matching target environment found for 
2025-04-09 15:40:29 - No matching target environment found for 
2025-04-09 15:40:29 - No matching target environment found for 
2025-04-09 15:40:29 - No matching target environment found for 
2025-04-09 15:40:29 - No matching target environment found for 
2025-04-09 15:40:29 - No matching target environment found for 
2025-04-09 15:40:29 - No matching target environment found for 
2025-04-09 15:40:29 - No matching target environment found for 
2025-04-09 15:40:29 - No matching target environment found for 
2025-04-09 15:40:29 - No matching target environment found for 
2025-04-09 15:40:29 - No matching target environment found for 
2025-04-09 15:40:29 - No matching target environment found for 
2025-04-09 15:40:29 - No matching target environment found for 
2025-04-09 15:40:29 - No matching target environment found for 
2025-04-09 15:40:29 - No matching target environment found for 
2025-04-09 15:40:29 - No matching target environment found for 
2025-04-09 15:40:29 - No matching target environment found for 
2025-04-09 15:40:29 - No matching target environment found for 
2025-04-09 15:40:29 - Catalog reference update process completed
2025-04-09 15:40:29 - Log file: logs/catalog_reference_update_20250409_154024.log
