2025-04-09 15:44:37 - Starting catalog reference update process
2025-04-09 15:44:37 - API Endpoint: https://pe420.nirmata.co
2025-04-09 15:44:37 - Source Cluster: 123-app-migration
2025-04-09 15:44:37 - Target Cluster: 129-app-migration
2025-04-09 15:44:41 - Looking for target environment: default-129-app-migration
2025-04-09 15:44:41 - Processing environment pair: default-123-app-migration -> default-129-app-migration
2025-04-09 15:44:44 - No Git applications found in default-123-app-migration
2025-04-09 15:44:44 - Looking for target environment: kube-node-lease-129-app-migration
2025-04-09 15:44:44 - Processing environment pair: kube-node-lease-123-app-migration -> kube-node-lease-129-app-migration
2025-04-09 15:44:46 - No Git applications found in kube-node-lease-123-app-migration
2025-04-09 15:44:46 - Looking for target environment: kube-system-129-app-migration
2025-04-09 15:44:46 - Processing environment pair: kube-system-123-app-migration -> kube-system-129-app-migration
2025-04-09 15:44:48 - No Git applications found in kube-system-123-app-migration
2025-04-09 15:44:48 - Looking for target environment: nirmata-129-app-migration
2025-04-09 15:44:48 - Processing environment pair: nirmata-123-app-migration -> nirmata-129-app-migration
2025-04-09 15:44:50 - No Git applications found in nirmata-123-app-migration
2025-04-09 15:44:50 - Looking for target environment: kube-public-129-app-migration
2025-04-09 15:44:50 - Processing environment pair: kube-public-123-app-migration -> kube-public-129-app-migration
2025-04-09 15:44:52 - No Git applications found in kube-public-123-app-migration
2025-04-09 15:44:53 - Looking for target environment: ingress-haproxy-129-app-migration
2025-04-09 15:44:53 - Processing environment pair: ingress-haproxy-123-app-migration -> ingress-haproxy-129-app-migration
2025-04-09 15:44:55 - No Git applications found in ingress-haproxy-123-app-migration
2025-04-09 15:44:55 - Looking for target environment: nginx-129-app-migration
2025-04-09 15:44:55 - Processing environment pair: nginx-123-app-migration -> nginx-129-app-migration
2025-04-09 15:44:57 - Updating catalog reference for application gitops-nginx (Git upstream: [
  {
    "id": "e7b4973e-72e1-4403-b235-ca1c1758ef88"
  }
])
2025-04-09 15:44:57 - Error: Failed to get catalog application details for ID [
  {
    "id": "e7b4973e-72e1-4403-b235-ca1c1758ef88"
  }
]
2025-04-09 15:44:57 - Catalog reference update process completed
2025-04-09 15:44:57 - Log file: logs/catalog_reference_update_20250409_154437.log
