2025-04-09 15:50:40 - Starting catalog reference update process
2025-04-09 15:50:40 - API Endpoint: https://pe420.nirmata.co
2025-04-09 15:50:40 - Source Cluster: 123-app-migration
2025-04-09 15:50:40 - Target Cluster: 129-app-migration
2025-04-09 15:50:45 - Looking for target environment: default-129-app-migration
2025-04-09 15:50:45 - Processing environment pair: default-123-app-migration -> default-129-app-migration
2025-04-09 15:50:49 - Looking for target environment: kube-node-lease-129-app-migration
2025-04-09 15:50:49 - Processing environment pair: kube-node-lease-123-app-migration -> kube-node-lease-129-app-migration
2025-04-09 15:50:53 - Looking for target environment: kube-system-129-app-migration
2025-04-09 15:50:53 - Processing environment pair: kube-system-123-app-migration -> kube-system-129-app-migration
2025-04-09 15:50:57 - Looking for target environment: nirmata-129-app-migration
2025-04-09 15:50:57 - Processing environment pair: nirmata-123-app-migration -> nirmata-129-app-migration
2025-04-09 15:51:01 - Processing application nirmata
2025-04-09 15:51:04 - Error: Failed to find catalog application ID for nirmata
2025-04-09 15:51:04 - Looking for target environment: kube-public-129-app-migration
2025-04-09 15:51:04 - Processing environment pair: kube-public-123-app-migration -> kube-public-129-app-migration
2025-04-09 15:51:08 - Looking for target environment: ingress-haproxy-129-app-migration
2025-04-09 15:51:08 - Processing environment pair: ingress-haproxy-123-app-migration -> ingress-haproxy-129-app-migration
2025-04-09 15:51:12 - Looking for target environment: nginx-129-app-migration
2025-04-09 15:51:12 - Processing environment pair: nginx-123-app-migration -> nginx-129-app-migration
2025-04-09 15:51:16 - No matching application found in target environment for gitops-nginx
2025-04-09 15:51:17 - Processing application nginx
2025-04-09 15:51:19 - Updating application nginx to use catalog reference dbcb8389-7df3-44d8-b7b3-16ac8c3c898c
2025-04-09 15:51:21 - Successfully updated application nginx in environment e0cb834f-4539-4605-b810-8d490b406508
2025-04-09 15:51:21 - Catalog reference update process completed
2025-04-09 15:51:21 - Log file: logs/catalog_reference_update_20250409_155040.log
