2025-04-09 15:43:00 - Starting catalog reference update process
2025-04-09 15:43:00 - API Endpoint: https://pe420.nirmata.co
2025-04-09 15:43:00 - Source Cluster: 123-app-migration
2025-04-09 15:43:00 - Target Cluster: 129-app-migration
2025-04-09 15:43:04 - Looking for target environment: default-129-app-migration
2025-04-09 15:43:04 - Processing environment pair: default-123-app-migration -> default-129-app-migration
2025-04-09 15:43:06 - No applications with catalog references found in default-123-app-migration
2025-04-09 15:43:06 - Looking for target environment: kube-node-lease-129-app-migration
2025-04-09 15:43:07 - Processing environment pair: kube-node-lease-123-app-migration -> kube-node-lease-129-app-migration
2025-04-09 15:43:09 - No applications with catalog references found in kube-node-lease-123-app-migration
2025-04-09 15:43:09 - Looking for target environment: kube-system-129-app-migration
2025-04-09 15:43:09 - Processing environment pair: kube-system-123-app-migration -> kube-system-129-app-migration
2025-04-09 15:43:11 - No applications with catalog references found in kube-system-123-app-migration
2025-04-09 15:43:11 - Looking for target environment: nirmata-129-app-migration
2025-04-09 15:43:11 - Processing environment pair: nirmata-123-app-migration -> nirmata-129-app-migration
2025-04-09 15:43:13 - No applications with catalog references found in nirmata-123-app-migration
2025-04-09 15:43:13 - Looking for target environment: kube-public-129-app-migration
2025-04-09 15:43:13 - Processing environment pair: kube-public-123-app-migration -> kube-public-129-app-migration
2025-04-09 15:43:15 - No applications with catalog references found in kube-public-123-app-migration
2025-04-09 15:43:15 - Looking for target environment: ingress-haproxy-129-app-migration
2025-04-09 15:43:15 - Processing environment pair: ingress-haproxy-123-app-migration -> ingress-haproxy-129-app-migration
2025-04-09 15:43:18 - No applications with catalog references found in ingress-haproxy-123-app-migration
2025-04-09 15:43:18 - Looking for target environment: nginx-129-app-migration
2025-04-09 15:43:18 - Processing environment pair: nginx-123-app-migration -> nginx-129-app-migration
2025-04-09 15:43:20 - No applications with catalog references found in nginx-123-app-migration
2025-04-09 15:43:20 - Catalog reference update process completed
2025-04-09 15:43:20 - Log file: logs/catalog_reference_update_20250409_154300.log
