2025-04-09 15:45:43 - Starting catalog reference update process
2025-04-09 15:45:43 - API Endpoint: https://pe420.nirmata.co
2025-04-09 15:45:43 - Source Cluster: 123-app-migration
2025-04-09 15:45:43 - Target Cluster: 129-app-migration
2025-04-09 15:45:47 - Looking for target environment: default-129-app-migration
2025-04-09 15:45:47 - Processing environment pair: default-123-app-migration -> default-129-app-migration
2025-04-09 15:45:49 - No Git applications found in default-123-app-migration
2025-04-09 15:45:49 - Looking for target environment: kube-node-lease-129-app-migration
2025-04-09 15:45:49 - Processing environment pair: kube-node-lease-123-app-migration -> kube-node-lease-129-app-migration
2025-04-09 15:45:51 - No Git applications found in kube-node-lease-123-app-migration
2025-04-09 15:45:51 - Looking for target environment: kube-system-129-app-migration
2025-04-09 15:45:51 - Processing environment pair: kube-system-123-app-migration -> kube-system-129-app-migration
2025-04-09 15:45:53 - No Git applications found in kube-system-123-app-migration
2025-04-09 15:45:53 - Looking for target environment: nirmata-129-app-migration
2025-04-09 15:45:54 - Processing environment pair: nirmata-123-app-migration -> nirmata-129-app-migration
2025-04-09 15:45:56 - No Git applications found in nirmata-123-app-migration
2025-04-09 15:45:56 - Looking for target environment: kube-public-129-app-migration
2025-04-09 15:45:56 - Processing environment pair: kube-public-123-app-migration -> kube-public-129-app-migration
2025-04-09 15:45:58 - No Git applications found in kube-public-123-app-migration
2025-04-09 15:45:58 - Looking for target environment: ingress-haproxy-129-app-migration
2025-04-09 15:45:58 - Processing environment pair: ingress-haproxy-123-app-migration -> ingress-haproxy-129-app-migration
2025-04-09 15:46:00 - No Git applications found in ingress-haproxy-123-app-migration
2025-04-09 15:46:00 - Looking for target environment: nginx-129-app-migration
2025-04-09 15:46:00 - Processing environment pair: nginx-123-app-migration -> nginx-129-app-migration
2025-04-09 15:46:02 - Updating catalog reference for application gitops-nginx (Git upstream: [
  {
    "id": "e7b4973e-72e1-4403-b235-ca1c1758ef88"
  }
])
2025-04-09 15:46:07 - Successfully updated catalog reference for application gitops-nginx in environment e0cb834f-4539-4605-b810-8d490b406508 (Git upstream: e7b4973e-72e1-4403-b235-ca1c1758ef88)
2025-04-09 15:46:07 - Catalog reference update process completed
2025-04-09 15:46:07 - Log file: logs/catalog_reference_update_20250409_154543.log
