2025-04-09 15:38:04 - === Starting Catalog Reference Update ===
2025-04-09 15:38:04 - API Endpoint: https://pe420.nirmata.co
2025-04-09 15:38:04 - Source Cluster: 123-app-migration
2025-04-09 15:38:04 - Target Cluster: 129-app-migration
2025-04-09 15:38:05 - \nGetting source environments...
2025-04-09 15:38:07 - \nGetting target environments...
2025-04-09 15:38:09 - \n⚠ No matching target environment found for 
2025-04-09 15:38:09 - \n⚠ No matching target environment found for 
2025-04-09 15:38:09 - \n⚠ No matching target environment found for 
2025-04-09 15:38:09 - \n⚠ No matching target environment found for 
2025-04-09 15:38:09 - \n⚠ No matching target environment found for 
2025-04-09 15:38:09 - \n⚠ No matching target environment found for 
2025-04-09 15:38:09 - \n⚠ No matching target environment found for 
2025-04-09 15:38:10 - \n⚠ No matching target environment found for 
2025-04-09 15:38:10 - \n⚠ No matching target environment found for 
2025-04-09 15:38:10 - \n⚠ No matching target environment found for 
2025-04-09 15:38:10 - \n⚠ No matching target environment found for 
2025-04-09 15:38:10 - \n⚠ No matching target environment found for 
2025-04-09 15:38:10 - \n⚠ No matching target environment found for 
2025-04-09 15:38:10 - \n⚠ No matching target environment found for 
2025-04-09 15:38:10 - \n=== Catalog Reference Update Complete ===
2025-04-09 15:38:10 - Log file: logs/catalog_reference_update_20250409_153804.log
