2025-04-09 15:49:09 - Starting catalog reference update process
2025-04-09 15:49:09 - API Endpoint: https://pe420.nirmata.co
2025-04-09 15:49:09 - Source Cluster: 123-app-migration
2025-04-09 15:49:09 - Target Cluster: 129-app-migration
2025-04-09 15:49:13 - Looking for target environment: default-129-app-migration
2025-04-09 15:49:13 - Processing environment pair: default-123-app-migration -> default-129-app-migration
2025-04-09 15:49:18 - Looking for target environment: kube-node-lease-129-app-migration
2025-04-09 15:49:18 - Processing environment pair: kube-node-lease-123-app-migration -> kube-node-lease-129-app-migration
2025-04-09 15:49:22 - Looking for target environment: kube-system-129-app-migration
2025-04-09 15:49:22 - Processing environment pair: kube-system-123-app-migration -> kube-system-129-app-migration
2025-04-09 15:49:26 - Looking for target environment: nirmata-129-app-migration
2025-04-09 15:49:26 - Processing environment pair: nirmata-123-app-migration -> nirmata-129-app-migration
2025-04-09 15:49:30 - Processing application nirmata
2025-04-09 15:49:30 - Skipping application nirmata - not a Git or catalog application
2025-04-09 15:49:30 - Looking for target environment: kube-public-129-app-migration
2025-04-09 15:49:31 - Processing environment pair: kube-public-123-app-migration -> kube-public-129-app-migration
2025-04-09 15:49:35 - Looking for target environment: ingress-haproxy-129-app-migration
2025-04-09 15:49:35 - Processing environment pair: ingress-haproxy-123-app-migration -> ingress-haproxy-129-app-migration
2025-04-09 15:49:39 - Looking for target environment: nginx-129-app-migration
2025-04-09 15:49:39 - Processing environment pair: nginx-123-app-migration -> nginx-129-app-migration
2025-04-09 15:49:43 - No matching application found in target environment for gitops-nginx
2025-04-09 15:49:43 - Processing application nginx
2025-04-09 15:49:43 - Error: Failed to extract catalog application ID from source application
2025-04-09 15:49:43 - Catalog reference update process completed
2025-04-09 15:49:43 - Log file: logs/catalog_reference_update_20250409_154909.log
